0 info it worked if it ends with ok
1 verbose cli [ 'C:\\Program Files\\nodejs\\node.exe',
1 verbose cli   'C:\\Program Files\\nodejs\\node_modules\\npm\\bin\\npm-cli.js',
1 verbose cli   'run',
1 verbose cli   'start-npm-cache',
1 verbose cli   '--scripts-prepend-node-path' ]
2 info using npm@3.8.9
3 info using node@v6.2.0
4 verbose run-script [ 'prestart-npm-cache',
4 verbose run-script   'start-npm-cache',
4 verbose run-script   'poststart-npm-cache' ]
5 info lifecycle @~prestart-npm-cache: @
6 silly lifecycle @~prestart-npm-cache: no script for prestart-npm-cache, continuing
7 info lifecycle @~start-npm-cache: @
8 verbose lifecycle @~start-npm-cache: unsafe-perm in lifecycle true
9 verbose lifecycle @~start-npm-cache: PATH: C:\Program Files\nodejs\node_modules\npm\bin\node-gyp-bin;C:\Users\steve\projects\microdocs\microdocs\node_modules\.bin;C:\Program Files\nodejs;C:\Program Files\Docker\Docker\Resources\bin;C:\ProgramData\Oracle\Java\javapath;C:\Program Files (x86)\Intel\iCLS Client\;C:\Program Files\Intel\iCLS Client\;C:\Windows\system32;C:\Windows;C:\Windows\System32\Wbem;C:\Windows\System32\WindowsPowerShell\v1.0\;C:\Program Files (x86)\NVIDIA Corporation\PhysX\Common;C:\Program Files (x86)\Intel\Intel(R) Management Engine Components\DAL;C:\Program Files\Intel\Intel(R) Management Engine Components\DAL;C:\Program Files (x86)\Intel\Intel(R) Management Engine Components\IPT;C:\Program Files\Intel\Intel(R) Management Engine Components\IPT;C:\Program Files\nodejs\;C:\Program Files\php;C:\WINDOWS\system32;C:\WINDOWS;C:\WINDOWS\System32\Wbem;C:\WINDOWS\System32\WindowsPowerShell\v1.0\;C:\xampp\php;C:\ProgramData\ComposerSetup\bin;C:\Program Files\Gradle\gradle-2.13\bin;C:\Python27;C:\Program Files\kubectl;C:\Users\steve\.fabric8\bin;C:\Program Files (x86)\GNU\GnuPG\pub;C:\HashiCorp\Vagrant\bin;C:\Program Files\TortoiseGit\bin;C:\Program Files (x86)\Skype\Phone\;C:\Program Files\Intel\WiFi\bin\;C:\Program Files\Common Files\Intel\WirelessCommon\;C:\Program Files\Common Files\Autodesk Shared\;C:\Program Files\Git\cmd;C:\Program Files\Git\mingw64\bin;C:\Program Files\Git\usr\bin;C:\Users\steve\AppData\Roaming\npm;C:\Users\steve\AppData\Roaming\Composer\vendor\bin;C:\Users\steve\AppData\Local\Microsoft\WindowsApps;;C:\Program Files (x86)\Microsoft VS Code\bin
10 verbose lifecycle @~start-npm-cache: CWD: C:\Users\steve\projects\microdocs\microdocs
11 silly lifecycle @~start-npm-cache: Args: [ '/d /s /c',
11 silly lifecycle   'docker-compose -f docker-compose-npm-cache.yml up' ]
12 silly lifecycle @~start-npm-cache: Returned: code: 1  signal: null
13 info lifecycle @~start-npm-cache: Failed to exec start-npm-cache script
14 verbose stack Error: @ start-npm-cache: `docker-compose -f docker-compose-npm-cache.yml up`
14 verbose stack Exit status 1
14 verbose stack     at EventEmitter.<anonymous> (C:\Program Files\nodejs\node_modules\npm\lib\utils\lifecycle.js:245:16)
14 verbose stack     at emitTwo (events.js:106:13)
14 verbose stack     at EventEmitter.emit (events.js:191:7)
14 verbose stack     at ChildProcess.<anonymous> (C:\Program Files\nodejs\node_modules\npm\lib\utils\spawn.js:24:14)
14 verbose stack     at emitTwo (events.js:106:13)
14 verbose stack     at ChildProcess.emit (events.js:191:7)
14 verbose stack     at maybeClose (internal/child_process.js:850:16)
14 verbose stack     at Process.ChildProcess._handle.onexit (internal/child_process.js:215:5)
15 verbose pkgid @
16 verbose cwd C:\Users\steve\projects\microdocs\microdocs
17 error Windows_NT 10.0.15063
18 error argv "C:\\Program Files\\nodejs\\node.exe" "C:\\Program Files\\nodejs\\node_modules\\npm\\bin\\npm-cli.js" "run" "start-npm-cache" "--scripts-prepend-node-path"
19 error node v6.2.0
20 error npm  v3.8.9
21 error code ELIFECYCLE
22 error @ start-npm-cache: `docker-compose -f docker-compose-npm-cache.yml up`
22 error Exit status 1
23 error Failed at the @ start-npm-cache script 'docker-compose -f docker-compose-npm-cache.yml up'.
23 error Make sure you have the latest version of node.js and npm installed.
23 error If you do, this is most likely a problem with the  package,
23 error not with npm itself.
23 error Tell the author that this fails on your system:
23 error     docker-compose -f docker-compose-npm-cache.yml up
23 error You can get information on how to open an issue for this project with:
23 error     npm bugs
23 error Or if that isn't available, you can get their info via:
23 error     npm owner ls
23 error There is likely additional logging output above.
24 verbose exit [ 1, true ]
